Using pre-set license
Built from '2021.3/staging' branch; Version is '2021.3.21f1 (1b156197d683) revision 1774945'; Using compiler version '192829333'; Build Type 'Release'
OS: 'Windows 10  (10.0.19045) 64bit Professional' Language: 'ko' Physical Memory: 65266 MB
BatchMode: 1, IsHumanControllingUs: 0, StartBugReporterOnCrash: 0, Is64bit: 1, IsPro: 1

COMMAND LINE ARGUMENTS:
E:\Unity\2021.3.21f1\Editor\Unity.exe
-adb2
-batchMode
-noUpm
-name
AssetImportWorker4
-projectPath
E:/Unity/seaoffools/SeeOfFools
-logFile
Logs/AssetImportWorker4.log
-srvPort
50841
Successfully changed project path to: E:/Unity/seaoffools/SeeOfFools
E:/Unity/seaoffools/SeeOfFools
[UnityMemory] Configuration Parameters - Can be set up in boot.config
    "memorysetup-bucket-allocator-granularity=16"
    "memorysetup-bucket-allocator-bucket-count=8"
    "memorysetup-bucket-allocator-block-size=33554432"
    "memorysetup-bucket-allocator-block-count=8"
    "memorysetup-main-allocator-block-size=16777216"
    "memorysetup-thread-allocator-block-size=16777216"
    "memorysetup-gfx-main-allocator-block-size=16777216"
    "memorysetup-gfx-thread-allocator-block-size=16777216"
    "memorysetup-cache-allocator-block-size=4194304"
    "memorysetup-typetree-allocator-block-size=2097152"
    "memorysetup-profiler-bucket-allocator-granularity=16"
    "memorysetup-profiler-bucket-allocator-bucket-count=8"
    "memorysetup-profiler-bucket-allocator-block-size=33554432"
    "memorysetup-profiler-bucket-allocator-block-count=8"
    "memorysetup-profiler-allocator-block-size=16777216"
    "memorysetup-profiler-editor-allocator-block-size=1048576"
    "memorysetup-temp-allocator-size-main=16777216"
    "memorysetup-job-temp-allocator-block-size=2097152"
    "memorysetup-job-temp-allocator-block-size-background=1048576"
    "memorysetup-job-temp-allocator-reduction-small-platforms=262144"
    "memorysetup-temp-allocator-size-background-worker=32768"
    "memorysetup-temp-allocator-size-job-worker=262144"
    "memorysetup-temp-allocator-size-preload-manager=33554432"
    "memorysetup-temp-allocator-size-nav-mesh-worker=65536"
    "memorysetup-temp-allocator-size-audio-worker=65536"
    "memorysetup-temp-allocator-size-cloud-worker=32768"
    "memorysetup-temp-allocator-size-gi-baking-worker=262144"
    "memorysetup-temp-allocator-size-gfx=262144"
Player connection [9532] Host "[IP] 192.168.0.3 [Port] 0 [Flags] 2 [Guid] 2061209870 [EditorId] 2061209870 [Version] 1048832 [Id] WindowsEditor(7,DESKTOP-8SALEAJ) [Debug] 1 [PackageName] WindowsEditor [ProjectName] Editor" joined multi-casting on [225.0.0.222:54997]...

Player connection [9532] Host "[IP] 192.168.0.3 [Port] 0 [Flags] 2 [Guid] 2061209870 [EditorId] 2061209870 [Version] 1048832 [Id] WindowsEditor(7,DESKTOP-8SALEAJ) [Debug] 1 [PackageName] WindowsEditor [ProjectName] Editor" joined alternative multi-casting on [225.0.0.222:34997]...

Refreshing native plugins compatible for Editor in 51.70 ms, found 4 plugins.
Preloading 0 native plugins for Editor in 0.00 ms.
Initialize engine version: 2021.3.21f1 (1b156197d683)
[Subsystems] Discovering subsystems at path E:/Unity/2021.3.21f1/Editor/Data/Resources/UnitySubsystems
[Subsystems] Discovering subsystems at path E:/Unity/seaoffools/SeeOfFools/Assets
GfxDevice: creating device client; threaded=0; jobified=0
Direct3D:
    Version:  Direct3D 11.0 [level 11.1]
    Renderer: NVIDIA GeForce RTX 3070 (ID=0x2484)
    Vendor:   NVIDIA
    VRAM:     8018 MB
    Driver:   31.0.15.5186
Initialize mono
Mono path[0] = 'E:/Unity/2021.3.21f1/Editor/Data/Managed'
Mono path[1] = 'E:/Unity/2021.3.21f1/Editor/Data/MonoBleedingEdge/lib/mono/unityjit-win32'
Mono config path = 'E:/Unity/2021.3.21f1/Editor/Data/MonoBleedingEdge/etc'
Using monoOptions --debugger-agent=transport=dt_socket,embedding=1,server=y,suspend=n,address=127.0.0.1:56200
Begin MonoManager ReloadAssembly
Registering precompiled unity dll's ...
Register platform support module: E:/Unity/2021.3.21f1/Editor/Data/PlaybackEngines/WindowsStandaloneSupport/UnityEditor.WindowsStandalone.Extensions.dll
Registered in 0.001557 seconds.
Native extension for WindowsStandalone target not found
Refreshing native plugins compatible for Editor in 46.55 ms, found 4 plugins.
Preloading 0 native plugins for Editor in 0.00 ms.
Mono: successfully reloaded assembly
- Completed reload, in  0.337 seconds
Domain Reload Profiling:
	ReloadAssembly (337ms)
		BeginReloadAssembly (47ms)
			ExecutionOrderSort (0ms)
			DisableScriptedObjects (0ms)
			BackupInstance (0ms)
			ReleaseScriptingObjects (0ms)
			CreateAndSetChildDomain (0ms)
		EndReloadAssembly (239ms)
			LoadAssemblies (46ms)
			RebuildTransferFunctionScriptingTraits (0ms)
			SetupTypeCache (56ms)
			ReleaseScriptCaches (0ms)
			RebuildScriptCaches (14ms)
			SetupLoadedEditorAssemblies (142ms)
				LogAssemblyErrors (0ms)
				InitializePlatformSupportModulesInManaged (4ms)
				SetLoadedEditorAssemblies (0ms)
				RefreshPlugins (47ms)
				BeforeProcessingInitializeOnLoad (1ms)
				ProcessInitializeOnLoadAttributes (67ms)
				ProcessInitializeOnLoadMethodAttributes (24ms)
				AfterProcessingInitializeOnLoad (0ms)
				EditorAssembliesLoaded (0ms)
			ExecutionOrderSort2 (0ms)
			AwakeInstancesAfterBackupRestoration (0ms)
Platform modules already initialized, skipping
Registering precompiled user dll's ...
Registered in 0.003145 seconds.
Begin MonoManager ReloadAssembly
Symbol file LoadedFromMemory doesn't match image E:\Unity\seaoffools\SeeOfFools\Library\PackageCache\com.unity.visualscripting@1.8.0\Editor\VisualScripting.Core\Dependencies\YamlDotNet\Unity.VisualScripting.YamlDotNet.dll
Symbol file LoadedFromMemory doesn't match image E:\Unity\seaoffools\SeeOfFools\Library\PackageCache\com.unity.visualscripting@1.8.0\Editor\VisualScripting.Core\Dependencies\DotNetZip\Unity.VisualScripting.IonicZip.dll
Native extension for WindowsStandalone target not found
Refreshing native plugins compatible for Editor in 50.38 ms, found 4 plugins.
Preloading 0 native plugins for Editor in 0.00 ms.
Mono: successfully reloaded assembly
- Completed reload, in  0.593 seconds
Domain Reload Profiling:
	ReloadAssembly (593ms)
		BeginReloadAssembly (69ms)
			ExecutionOrderSort (0ms)
			DisableScriptedObjects (3ms)
			BackupInstance (0ms)
			ReleaseScriptingObjects (0ms)
			CreateAndSetChildDomain (13ms)
		EndReloadAssembly (471ms)
			LoadAssemblies (55ms)
			RebuildTransferFunctionScriptingTraits (0ms)
			SetupTypeCache (123ms)
			ReleaseScriptCaches (1ms)
			RebuildScriptCaches (30ms)
			SetupLoadedEditorAssemblies (246ms)
				LogAssemblyErrors (0ms)
				InitializePlatformSupportModulesInManaged (2ms)
				SetLoadedEditorAssemblies (0ms)
				RefreshPlugins (50ms)
				BeforeProcessingInitializeOnLoad (51ms)
				ProcessInitializeOnLoadAttributes (120ms)
				ProcessInitializeOnLoadMethodAttributes (21ms)
				AfterProcessingInitializeOnLoad (2ms)
				EditorAssembliesLoaded (0ms)
			ExecutionOrderSort2 (0ms)
			AwakeInstancesAfterBackupRestoration (4ms)
Platform modules already initialized, skipping
========================================================================
Worker process is ready to serve import requests
Launched and connected shader compiler UnityShaderCompiler.exe after 0.04 seconds
Refreshing native plugins compatible for Editor in 0.95 ms, found 4 plugins.
Preloading 0 native plugins for Editor in 0.00 ms.
Unloading 3795 Unused Serialized files (Serialized files now loaded: 0)
Unloading 41 unused Assets / (228.9 KB). Loaded Objects now: 4250.
Memory consumption went from 150.8 MB to 150.5 MB.
Total: 2.939600 ms (FindLiveObjects: 0.267300 ms CreateObjectMapping: 0.085900 ms MarkObjects: 2.441500 ms  DeleteObjects: 0.144200 ms)

AssetImportParameters requested are different than current active one (requested -> active):
  custom:video-decoder-ogg-theora: a1e56fd34408186e4bbccfd4996cb3dc -> 
  custom:container-muxer-webm: aa71ff27fc2769a1b78a27578f13a17b -> 
  custom:container-demuxer-webm: 4f35f7cbe854078d1ac9338744f61a02 -> 
  custom:video-encoder-webm-vp8: eb34c28f22e8b96e1ab97ce403110664 -> 
  custom:audio-encoder-webm-vorbis: bf7c407c2cedff20999df2af8eb42d56 -> 
  custom:framework-win-MediaFoundation: 216162199b28c13a410421893ffa2e32 -> 
  custom:container-demuxer-ogg: 62fdf1f143b41e24485cea50d1cbac27 -> 
  custom:video-decoder-webm-vp8: 9c59270c3fd7afecdb556c50c9e8de78 -> 
  custom:audio-decoder-ogg-vorbis: bf7c407c2cedff20999df2af8eb42d56 -> 
========================================================================
Received Import Request.
  Time since last request: 7648.890492 seconds.
  path: Assets/Animation 1/Enemy/idle_chan_animation.png
  artifactKey: Guid(76209e98bf3d16c49b3e02c1c3340665) Importer(815301076,1909f56bfc062723c751e8b465ee728b)
Start importing Assets/Animation 1/Enemy/idle_chan_animation.png using Guid(76209e98bf3d16c49b3e02c1c3340665) Importer(815301076,1909f56bfc062723c751e8b465ee728b)  -> (artifact id: '81da71239bfcdb5f9b6a2739596796d8') in 0.120622 seconds 
========================================================================
Received Import Request.
  Time since last request: 23.546779 seconds.
  path: Assets/Prefab/Elite Monster.prefab
  artifactKey: Guid(09c3864dcf0a4ec418ce65f6c267b74e) Importer(815301076,1909f56bfc062723c751e8b465ee728b)
Start importing Assets/Prefab/Elite Monster.prefab using Guid(09c3864dcf0a4ec418ce65f6c267b74e) Importer(815301076,1909f56bfc062723c751e8b465ee728b)  -> (artifact id: '07f888e27e26fbd0b684b5d81be5c10a') in 0.020453 seconds 
========================================================================
Received Import Request.
  Time since last request: 9.298088 seconds.
  path: Assets/Prefab/Midium Monster.prefab
  artifactKey: Guid(02432f7201551a54b8570490d5377d6a) Importer(815301076,1909f56bfc062723c751e8b465ee728b)
Start importing Assets/Prefab/Midium Monster.prefab using Guid(02432f7201551a54b8570490d5377d6a) Importer(815301076,1909f56bfc062723c751e8b465ee728b)  -> (artifact id: '0401a2bd3b4631304b0abc10dac227a0') in 0.005692 seconds 
========================================================================
Received Prepare
Registering precompiled user dll's ...
Registered in 0.003361 seconds.
Begin MonoManager ReloadAssembly
Symbol file LoadedFromMemory doesn't match image E:\Unity\seaoffools\SeeOfFools\Library\PackageCache\com.unity.visualscripting@1.8.0\Editor\VisualScripting.Core\Dependencies\YamlDotNet\Unity.VisualScripting.YamlDotNet.dll
Symbol file LoadedFromMemory doesn't match image E:\Unity\seaoffools\SeeOfFools\Library\PackageCache\com.unity.visualscripting@1.8.0\Editor\VisualScripting.Core\Dependencies\DotNetZip\Unity.VisualScripting.IonicZip.dll
Native extension for WindowsStandalone target not found
Refreshing native plugins compatible for Editor in 0.58 ms, found 4 plugins.
Preloading 0 native plugins for Editor in 0.00 ms.
Mono: successfully reloaded assembly
- Completed reload, in  0.554 seconds
Domain Reload Profiling:
	ReloadAssembly (554ms)
		BeginReloadAssembly (90ms)
			ExecutionOrderSort (0ms)
			DisableScriptedObjects (4ms)
			BackupInstance (0ms)
			ReleaseScriptingObjects (0ms)
			CreateAndSetChildDomain (26ms)
		EndReloadAssembly (411ms)
			LoadAssemblies (60ms)
			RebuildTransferFunctionScriptingTraits (0ms)
			SetupTypeCache (140ms)
			ReleaseScriptCaches (1ms)
			RebuildScriptCaches (25ms)
			SetupLoadedEditorAssemblies (165ms)
				LogAssemblyErrors (0ms)
				InitializePlatformSupportModulesInManaged (3ms)
				SetLoadedEditorAssemblies (0ms)
				RefreshPlugins (1ms)
				BeforeProcessingInitializeOnLoad (37ms)
				ProcessInitializeOnLoadAttributes (104ms)
				ProcessInitializeOnLoadMethodAttributes (19ms)
				AfterProcessingInitializeOnLoad (2ms)
				EditorAssembliesLoaded (0ms)
			ExecutionOrderSort2 (0ms)
			AwakeInstancesAfterBackupRestoration (6ms)
Platform modules already initialized, skipping
Refreshing native plugins compatible for Editor in 2.05 ms, found 4 plugins.
Preloading 0 native plugins for Editor in 0.00 ms.
Unloading 3777 Unused Serialized files (Serialized files now loaded: 0)
Unloading 28 unused Assets / (195.7 KB). Loaded Objects now: 4264.
Memory consumption went from 153.3 MB to 153.1 MB.
Total: 2.333700 ms (FindLiveObjects: 0.219700 ms CreateObjectMapping: 0.064400 ms MarkObjects: 1.976900 ms  DeleteObjects: 0.072100 ms)

AssetImportParameters requested are different than current active one (requested -> active):
  custom:video-decoder-ogg-theora: a1e56fd34408186e4bbccfd4996cb3dc -> 
  custom:container-muxer-webm: aa71ff27fc2769a1b78a27578f13a17b -> 
  custom:container-demuxer-webm: 4f35f7cbe854078d1ac9338744f61a02 -> 
  custom:video-encoder-webm-vp8: eb34c28f22e8b96e1ab97ce403110664 -> 
  custom:audio-encoder-webm-vorbis: bf7c407c2cedff20999df2af8eb42d56 -> 
  custom:framework-win-MediaFoundation: 216162199b28c13a410421893ffa2e32 -> 
  custom:container-demuxer-ogg: 62fdf1f143b41e24485cea50d1cbac27 -> 
  custom:video-decoder-webm-vp8: 9c59270c3fd7afecdb556c50c9e8de78 -> 
  custom:audio-decoder-ogg-vorbis: bf7c407c2cedff20999df2af8eb42d56 -> 
========================================================================
Received Import Request.
  Time since last request: 30.675856 seconds.
  path: Assets/Prefab/Small Monster.prefab
  artifactKey: Guid(44262d49615af524a895b147ef894661) Importer(815301076,1909f56bfc062723c751e8b465ee728b)
Start importing Assets/Prefab/Small Monster.prefab using Guid(44262d49615af524a895b147ef894661) Importer(815301076,1909f56bfc062723c751e8b465ee728b)  -> (artifact id: '77ad485e2a0186729a6f7ca99e132442') in 0.034856 seconds 
========================================================================
Received Import Request.
  Time since last request: 39.861446 seconds.
  path: Assets/Prefab/Small Monster.prefab
  artifactKey: Guid(44262d49615af524a895b147ef894661) Importer(815301076,1909f56bfc062723c751e8b465ee728b)
Start importing Assets/Prefab/Small Monster.prefab using Guid(44262d49615af524a895b147ef894661) Importer(815301076,1909f56bfc062723c751e8b465ee728b)  -> (artifact id: '843edfc1fcd0990aecf0484b4836a5bc') in 0.019404 seconds 
========================================================================
Received Import Request.
  Time since last request: 1.156252 seconds.
  path: Assets/Prefab/Small Monster.prefab
  artifactKey: Guid(44262d49615af524a895b147ef894661) Importer(815301076,1909f56bfc062723c751e8b465ee728b)
Start importing Assets/Prefab/Small Monster.prefab using Guid(44262d49615af524a895b147ef894661) Importer(815301076,1909f56bfc062723c751e8b465ee728b)  -> (artifact id: 'b08b84aaa3885b1a80800155fa483ba2') in 0.016717 seconds 
========================================================================
Received Import Request.
  Time since last request: 1.795072 seconds.
  path: Assets/Prefab/Small Monster.prefab
  artifactKey: Guid(44262d49615af524a895b147ef894661) Importer(815301076,1909f56bfc062723c751e8b465ee728b)
Start importing Assets/Prefab/Small Monster.prefab using Guid(44262d49615af524a895b147ef894661) Importer(815301076,1909f56bfc062723c751e8b465ee728b)  -> (artifact id: '71d693221bdbc0e456a0d1005ce60030') in 0.003768 seconds 
========================================================================
Received Import Request.
  Time since last request: 2.153516 seconds.
  path: Assets/Prefab/Small Monster.prefab
  artifactKey: Guid(44262d49615af524a895b147ef894661) Importer(815301076,1909f56bfc062723c751e8b465ee728b)
Start importing Assets/Prefab/Small Monster.prefab using Guid(44262d49615af524a895b147ef894661) Importer(815301076,1909f56bfc062723c751e8b465ee728b)  -> (artifact id: 'c2749e19ba00d7e09c940f59edc57766') in 0.006331 seconds 
========================================================================
Received Import Request.
  Time since last request: 4.668061 seconds.
  path: Assets/Prefab/Midium Monster.prefab
  artifactKey: Guid(02432f7201551a54b8570490d5377d6a) Importer(815301076,1909f56bfc062723c751e8b465ee728b)
Start importing Assets/Prefab/Midium Monster.prefab using Guid(02432f7201551a54b8570490d5377d6a) Importer(815301076,1909f56bfc062723c751e8b465ee728b)  -> (artifact id: '3f6aab1c1e3e7eb7806bdff2772dac24') in 0.006962 seconds 
========================================================================
Received Import Request.
  Time since last request: 2.141246 seconds.
  path: Assets/Prefab/Midium Monster.prefab
  artifactKey: Guid(02432f7201551a54b8570490d5377d6a) Importer(815301076,1909f56bfc062723c751e8b465ee728b)
Start importing Assets/Prefab/Midium Monster.prefab using Guid(02432f7201551a54b8570490d5377d6a) Importer(815301076,1909f56bfc062723c751e8b465ee728b)  -> (artifact id: '304783c70cdb57bd2de27ab4d0093e19') in 0.004561 seconds 
========================================================================
Received Import Request.
  Time since last request: 6.730620 seconds.
  path: Assets/Prefab/Elite Monster.prefab
  artifactKey: Guid(09c3864dcf0a4ec418ce65f6c267b74e) Importer(815301076,1909f56bfc062723c751e8b465ee728b)
Start importing Assets/Prefab/Elite Monster.prefab using Guid(09c3864dcf0a4ec418ce65f6c267b74e) Importer(815301076,1909f56bfc062723c751e8b465ee728b)  -> (artifact id: '1575ba4865bc3b43953078a3955d12d8') in 0.012561 seconds 
